# JRE version: Java(TM) SE Runtime Environment (11.0.2+7) (build 11.0.2+7-LTS)
# Java VM: Java HotSpot(TM) 64-Bit Server VM (11.0.2+7-LTS, mixed mode, tiered, compressed oops, g1 gc, windows-amd64)
Heap:
 garbage-first heap   total 157696K, used 120174K [0x0000000081a00000, 0x0000000100000000)
  region size 1024K, 90 young (92160K), 5 survivors (5120K)
 Metaspace       used 71815K, capacity 73622K, committed 73936K, reserved 1114112K
  class space    used 9271K, capacity 9985K, committed 10060K, reserved 1048576K
GC Heap History (10 events):
Event: 13.666 GC heap after
{Heap after GC invocations=14 (full 0):
 garbage-first heap   total 157696K, used 22000K [0x0000000081a00000, 0x0000000100000000)
  region size 1024K, 7 young (7168K), 7 survivors (7168K)
 Metaspace       used 53475K, capacity 54863K, committed 55164K, reserved 1097728K
  class space    used 6722K, capacity 7243K, committed 7372K, reserved 1048576K
}
Event: 14.763 GC heap before
{Heap before GC invocations=14 (full 0):
 garbage-first heap   total 157696K, used 88560K [0x0000000081a00000, 0x0000000100000000)
  region size 1024K, 73 young (74752K), 7 survivors (7168K)
 Metaspace       used 58981K, capacity 60295K, committed 60368K, reserved 1101824K
  class space    used 7433K, capacity 7967K, committed 8012K, reserved 1048576K
}
Event: 14.774 GC heap after
{Heap after GC invocations=15 (full 0):
 garbage-first heap   total 157696K, used 23455K [0x0000000081a00000, 0x0000000100000000)
  region size 1024K, 6 young (6144K), 6 survivors (6144K)
 Metaspace       used 58981K, capacity 60295K, committed 60368K, reserved 1101824K
  class space    used 7433K, capacity 7967K, committed 8012K, reserved 1048576K
}
Event: 17.216 GC heap before
{Heap before GC invocations=16 (full 0):
 garbage-first heap   total 157696K, used 111519K [0x0000000081a00000, 0x0000000100000000)
  region size 1024K, 92 young (94208K), 6 survivors (6144K)
 Metaspace       used 62108K, capacity 63590K, committed 63696K, reserved 1103872K
  class space    used 7842K, capacity 8421K, committed 8524K, reserved 1048576K
}
Event: 17.229 GC heap after
{Heap after GC invocations=17 (full 0):
 garbage-first heap   total 157696K, used 26866K [0x0000000081a00000, 0x0000000100000000)
  region size 1024K, 10 young (10240K), 10 survivors (10240K)
 Metaspace       used 62108K, capacity 63590K, committed 63696K, reserved 1103872K
  class space    used 7842K, capacity 8421K, committed 8524K, reserved 1048576K
}
Event: 18.949 GC heap before
{Heap before GC invocations=17 (full 0):
 garbage-first heap   total 157696K, used 110834K [0x0000000081a00000, 0x0000000100000000)
  region size 1024K, 92 young (94208K), 10 survivors (10240K)
 Metaspace       used 64664K, capacity 66168K, committed 66256K, reserved 1107968K
  class space    used 8200K, capacity 8769K, committed 8780K, reserved 1048576K
}
Event: 18.965 GC heap after
{Heap after GC invocations=18 (full 0):
 garbage-first heap   total 157696K, used 29827K [0x0000000081a00000, 0x0000000100000000)
  region size 1024K, 8 young (8192K), 8 survivors (8192K)
 Metaspace       used 64664K, capacity 66168K, committed 66256K, reserved 1107968K
  class space    used 8200K, capacity 8769K, committed 8780K, reserved 1048576K
}
Event: 20.649 GC heap before
{Heap before GC invocations=18 (full 0):
 garbage-first heap   total 157696K, used 115843K [0x0000000081a00000, 0x0000000100000000)
  region size 1024K, 92 young (94208K), 8 survivors (8192K)
 Metaspace       used 67574K, capacity 69328K, committed 69456K, reserved 1110016K
  class space    used 8629K, capacity 9326K, committed 9420K, reserved 1048576K
}
Event: 20.667 GC heap after
{Heap after GC invocations=19 (full 0):
 garbage-first heap   total 157696K, used 33134K [0x0000000081a00000, 0x0000000100000000)
  region size 1024K, 7 young (7168K), 7 survivors (7168K)
 Metaspace       used 67574K, capacity 69328K, committed 69456K, reserved 1110016K
  class space    used 8629K, capacity 9326K, committed 9420K, reserved 1048576K
}
Event: 8919.146 GC heap before
{Heap before GC invocations=19 (full 0):
 garbage-first heap   total 157696K, used 120174K [0x0000000081a00000, 0x0000000100000000)
  region size 1024K, 92 young (94208K), 7 survivors (7168K)
 Metaspace       used 71815K, capacity 73622K, committed 73936K, reserved 1114112K
  class space    used 9271K, capacity 9985K, committed 10060K, reserved 1048576K
}

